;  LST file generated by mikroListExporter - v.2.0 
; Date/Time: 26/01/2018 14:02:38
;----------------------------------------------

;Address Opcode 	ASM
0x0000	0x2D55      	GOTO       1365
_interrupt:
0x0004	0x0870      	MOVF       R0, 0
0x0005	0x0020      	MOVLB      0
0x0006	0x00A7      	MOVWF      39
0x0007	0x0871      	MOVF       R1, 0
0x0008	0x00A6      	MOVWF      38
0x0009	0x0872      	MOVF       R2, 0
0x000A	0x00A5      	MOVWF      37
0x000B	0x0873      	MOVF       R3, 0
0x000C	0x00A4      	MOVWF      36
0x000D	0x0874      	MOVF       R4, 0
0x000E	0x00A3      	MOVWF      35
0x000F	0x0875      	MOVF       R5, 0
0x0010	0x00A2      	MOVWF      34
0x0011	0x0876      	MOVF       R6, 0
0x0012	0x00A1      	MOVWF      33
0x0013	0x3180      	MOVLP      0
0x0014	0x1C11      	BTFSS      TMR1IF_bit, BitPos(TMR1IF_bit+0)
0x0015	0x281A      	GOTO       L_interrupt35
0x0016	0x1011      	BCF        TMR1IF_bit, BitPos(TMR1IF_bit+0)
0x0017	0x0AA8      	INCF       _n_interrupts_timer1, 1
0x0018	0x1903      	BTFSC      STATUS, 2
0x0019	0x0AA9      	INCF       _n_interrupts_timer1+1, 1
L_interrupt35:
0x001A	0x1E13      	BTFSS      CCP3IF_bit, BitPos(CCP3IF_bit+0)
0x001B	0x2832      	GOTO       L_interrupt38
0x001C	0x0026      	MOVLB      6
0x001D	0x1C13      	BTFSS      CCP3CON, 0
0x001E	0x2832      	GOTO       L_interrupt38
L__interrupt80:
0x001F	0x0020      	MOVLB      0
0x0020	0x1213      	BCF        CCP3IF_bit, BitPos(CCP3IF_bit+0)
0x0021	0x0021      	MOVLB      1
0x0022	0x1213      	BCF        CCP3IE_bit, BitPos(CCP3IE_bit+0)
0x0023	0x3004      	MOVLW      4
0x0024	0x0026      	MOVLB      6
0x0025	0x0093      	MOVWF      CCP3CON
0x0026	0x22C5      	CALL       _micros
0x0027	0x0870      	MOVF       R0, 0
0x0028	0x00BE      	MOVWF      _t1_sig1
0x0029	0x0871      	MOVF       R1, 0
0x002A	0x00BF      	MOVWF      _t1_sig1+1
0x002B	0x0872      	MOVF       R2, 0
0x002C	0x00C0      	MOVWF      _t1_sig1+2
0x002D	0x0873      	MOVF       R3, 0
0x002E	0x00C1      	MOVWF      _t1_sig1+3
0x002F	0x0021      	MOVLB      1
0x0030	0x1613      	BSF        CCP3IE_bit, BitPos(CCP3IE_bit+0)
0x0031	0x2857      	GOTO       L_interrupt39
L_interrupt38:
0x0032	0x0020      	MOVLB      0
0x0033	0x1E13      	BTFSS      CCP3IF_bit, BitPos(CCP3IF_bit+0)
0x0034	0x2857      	GOTO       L_interrupt40
0x0035	0x1213      	BCF        CCP3IF_bit, BitPos(CCP3IF_bit+0)
0x0036	0x0021      	MOVLB      1
0x0037	0x1213      	BCF        CCP3IE_bit, BitPos(CCP3IE_bit+0)
0x0038	0x3005      	MOVLW      5
0x0039	0x0026      	MOVLB      6
0x003A	0x0093      	MOVWF      CCP3CON
0x003B	0x22C5      	CALL       _micros
0x003C	0x0870      	MOVF       R0, 0
0x003D	0x00AA      	MOVWF      _t2_sig1
0x003E	0x0871      	MOVF       R1, 0
0x003F	0x00AB      	MOVWF      _t2_sig1+1
0x0040	0x0872      	MOVF       R2, 0
0x0041	0x00AC      	MOVWF      _t2_sig1+2
0x0042	0x0873      	MOVF       R3, 0
0x0043	0x00AD      	MOVWF      _t2_sig1+3
0x0044	0x083E      	MOVF       _t1_sig1, 0
0x0045	0x02AA      	SUBWF      _t2_sig1, 1
0x0046	0x083F      	MOVF       _t1_sig1+1, 0
0x0047	0x3BAB      	SUBWFB     _t2_sig1+1, 1
0x0048	0x0840      	MOVF       _t1_sig1+2, 0
0x0049	0x3BAC      	SUBWFB     _t2_sig1+2, 1
0x004A	0x0841      	MOVF       _t1_sig1+3, 0
0x004B	0x3BAD      	SUBWFB     _t2_sig1+3, 1
0x004C	0x0021      	MOVLB      1
0x004D	0x1613      	BSF        CCP3IE_bit, BitPos(CCP3IE_bit+0)
0x004E	0x22C5      	CALL       _micros
0x004F	0x0870      	MOVF       R0, 0
0x0050	0x00AE      	MOVWF      _last_measure1
0x0051	0x0871      	MOVF       R1, 0
0x0052	0x00AF      	MOVWF      _last_measure1+1
0x0053	0x0872      	MOVF       R2, 0
0x0054	0x00B0      	MOVWF      _last_measure1+2
0x0055	0x0873      	MOVF       R3, 0
0x0056	0x00B1      	MOVWF      _last_measure1+3
L_interrupt40:
L_interrupt39:
0x0057	0x0020      	MOVLB      0
0x0058	0x1E93      	BTFSS      CCP4IF_bit, BitPos(CCP4IF_bit+0)
0x0059	0x2870      	GOTO       L_interrupt43
0x005A	0x0026      	MOVLB      6
0x005B	0x1C1A      	BTFSS      CCP4CON, 0
0x005C	0x2870      	GOTO       L_interrupt43
L__interrupt79:
0x005D	0x0020      	MOVLB      0
0x005E	0x1293      	BCF        CCP4IF_bit, BitPos(CCP4IF_bit+0)
0x005F	0x0021      	MOVLB      1
0x0060	0x1293      	BCF        CCP4IE_bit, BitPos(CCP4IE_bit+0)
0x0061	0x3004      	MOVLW      4
0x0062	0x0026      	MOVLB      6
0x0063	0x009A      	MOVWF      CCP4CON
0x0064	0x22C5      	CALL       _micros
0x0065	0x0870      	MOVF       R0, 0
0x0066	0x00BA      	MOVWF      _t1_sig2
0x0067	0x0871      	MOVF       R1, 0
0x0068	0x00BB      	MOVWF      _t1_sig2+1
0x0069	0x0872      	MOVF       R2, 0
0x006A	0x00BC      	MOVWF      _t1_sig2+2
0x006B	0x0873      	MOVF       R3, 0
0x006C	0x00BD      	MOVWF      _t1_sig2+3
0x006D	0x0021      	MOVLB      1
0x006E	0x1693      	BSF        CCP4IE_bit, BitPos(CCP4IE_bit+0)
0x006F	0x2895      	GOTO       L_interrupt44
L_interrupt43:
0x0070	0x0020      	MOVLB      0
0x0071	0x1E93      	BTFSS      CCP4IF_bit, BitPos(CCP4IF_bit+0)
0x0072	0x2895      	GOTO       L_interrupt45
0x0073	0x1293      	BCF        CCP4IF_bit, BitPos(CCP4IF_bit+0)
0x0074	0x0021      	MOVLB      1
0x0075	0x1293      	BCF        CCP4IE_bit, BitPos(CCP4IE_bit+0)
0x0076	0x3005      	MOVLW      5
0x0077	0x0026      	MOVLB      6
0x0078	0x009A      	MOVWF      CCP4CON
0x0079	0x22C5      	CALL       _micros
0x007A	0x0870      	MOVF       R0, 0
0x007B	0x00B2      	MOVWF      _t2_sig2
0x007C	0x0871      	MOVF       R1, 0
0x007D	0x00B3      	MOVWF      _t2_sig2+1
0x007E	0x0872      	MOVF       R2, 0
0x007F	0x00B4      	MOVWF      _t2_sig2+2
0x0080	0x0873      	MOVF       R3, 0
0x0081	0x00B5      	MOVWF      _t2_sig2+3
0x0082	0x083A      	MOVF       _t1_sig2, 0
0x0083	0x02B2      	SUBWF      _t2_sig2, 1
0x0084	0x083B      	MOVF       _t1_sig2+1, 0
0x0085	0x3BB3      	SUBWFB     _t2_sig2+1, 1
0x0086	0x083C      	MOVF       _t1_sig2+2, 0
0x0087	0x3BB4      	SUBWFB     _t2_sig2+2, 1
0x0088	0x083D      	MOVF       _t1_sig2+3, 0
0x0089	0x3BB5      	SUBWFB     _t2_sig2+3, 1
0x008A	0x0021      	MOVLB      1
0x008B	0x1693      	BSF        CCP4IE_bit, BitPos(CCP4IE_bit+0)
0x008C	0x22C5      	CALL       _micros
0x008D	0x0870      	MOVF       R0, 0
0x008E	0x00B6      	MOVWF      _last_measure2
0x008F	0x0871      	MOVF       R1, 0
0x0090	0x00B7      	MOVWF      _last_measure2+1
0x0091	0x0872      	MOVF       R2, 0
0x0092	0x00B8      	MOVWF      _last_measure2+2
0x0093	0x0873      	MOVF       R3, 0
0x0094	0x00B9      	MOVWF      _last_measure2+3
L_interrupt45:
L_interrupt44:
L_end_interrupt:
L__interrupt117:
0x0095	0x0020      	MOVLB      0
0x0096	0x0827      	MOVF       39, 0
0x0097	0x00F0      	MOVWF      R0
0x0098	0x0826      	MOVF       38, 0
0x0099	0x00F1      	MOVWF      R1
0x009A	0x0825      	MOVF       37, 0
0x009B	0x00F2      	MOVWF      R2
0x009C	0x0824      	MOVF       36, 0
0x009D	0x00F3      	MOVWF      R3
0x009E	0x0823      	MOVF       35, 0
0x009F	0x00F4      	MOVWF      R4
0x00A0	0x0822      	MOVF       34, 0
0x00A1	0x00F5      	MOVWF      R5
0x00A2	0x0821      	MOVF       33, 0
0x00A3	0x00F6      	MOVWF      R6
0x00A4	0x0009      	RETFIE     %s
; end of _interrupt
_SDIV3232L:
0x00A5	0x0874      	MOVF       R4, 0
0x00A6	0x02F8      	SUBWF      R8, 1
0x00A7	0x0875      	MOVF       R5, 0
0x00A8	0x1C03      	BTFSS      STATUS, 0
0x00A9	0x0F75      	INCFSZ     R5, 0
0x00AA	0x02F9      	SUBWF      R9, 1
0x00AB	0x0876      	MOVF       R6, 0
0x00AC	0x1C03      	BTFSS      STATUS, 0
0x00AD	0x0F76      	INCFSZ     R6, 0
0x00AE	0x02FA      	SUBWF      R10, 1
0x00AF	0x0877      	MOVF       R7, 0
0x00B0	0x1C03      	BTFSS      STATUS, 0
0x00B1	0x0F77      	INCFSZ     R7, 0
0x00B2	0x02FB      	SUBWF      R11, 1
0x00B3	0x0DF3      	RLF        R3, 1
0x00B4	0x3007      	MOVLW      7
0x00B5	0x00FC      	MOVWF      R12
LOOPS3232A:
0x00B6	0x0D73      	RLF        R3, 0
0x00B7	0x0DF8      	RLF        R8, 1
0x00B8	0x0DF9      	RLF        R9, 1
0x00B9	0x0DFA      	RLF        R10, 1
0x00BA	0x0DFB      	RLF        R11, 1
0x00BB	0x0874      	MOVF       R4, 0
0x00BC	0x1C73      	BTFSS      R3, 0
0x00BD	0x28CC      	GOTO       SADD22LA
0x00BE	0x02F8      	SUBWF      R8, 1
0x00BF	0x0875      	MOVF       R5, 0
0x00C0	0x1C03      	BTFSS      STATUS, 0
0x00C1	0x0F75      	INCFSZ     R5, 0
0x00C2	0x02F9      	SUBWF      R9, 1
0x00C3	0x0876      	MOVF       R6, 0
0x00C4	0x1C03      	BTFSS      STATUS, 0
0x00C5	0x0F76      	INCFSZ     R6, 0
0x00C6	0x02FA      	SUBWF      R10, 1
0x00C7	0x0877      	MOVF       R7, 0
0x00C8	0x1C03      	BTFSS      STATUS, 0
0x00C9	0x0F77      	INCFSZ     R7, 0
0x00CA	0x02FB      	SUBWF      R11, 1
0x00CB	0x28D9      	GOTO       SOK22LA
SADD22LA:
0x00CC	0x07F8      	ADDWF      R8, 1
0x00CD	0x0875      	MOVF       R5, 0
0x00CE	0x1803      	BTFSC      STATUS, 0
0x00CF	0x0F75      	INCFSZ     R5, 0
0x00D0	0x07F9      	ADDWF      R9, 1
0x00D1	0x0876      	MOVF       R6, 0
0x00D2	0x1803      	BTFSC      STATUS, 0
0x00D3	0x0F76      	INCFSZ     R6, 0
0x00D4	0x07FA      	ADDWF      R10, 1
0x00D5	0x0877      	MOVF       R7, 0
0x00D6	0x1803      	BTFSC      STATUS, 0
0x00D7	0x0F77      	INCFSZ     R7, 0
0x00D8	0x07FB      	ADDWF      R11, 1
SOK22LA:
0x00D9	0x0DF3      	RLF        R3, 1
0x00DA	0x0BFC      	DECFSZ     R12, 1
0x00DB	0x28B6      	GOTO       LOOPS3232A
0x00DC	0x0D72      	RLF        R2, 0
0x00DD	0x0DF8      	RLF        R8, 1
0x00DE	0x0DF9      	RLF        R9, 1
0x00DF	0x0DFA      	RLF        R10, 1
0x00E0	0x0DFB      	RLF        R11, 1
0x00E1	0x0874      	MOVF       R4, 0
0x00E2	0x1C73      	BTFSS      R3, 0
0x00E3	0x28F2      	GOTO       SADD22L8
0x00E4	0x02F8      	SUBWF      R8, 1
0x00E5	0x0875      	MOVF       R5, 0
0x00E6	0x1C03      	BTFSS      STATUS, 0
0x00E7	0x0F75      	INCFSZ     R5, 0
0x00E8	0x02F9      	SUBWF      R9, 1
0x00E9	0x0876      	MOVF       R6, 0
0x00EA	0x1C03      	BTFSS      STATUS, 0
0x00EB	0x0F76      	INCFSZ     R6, 0
0x00EC	0x02FA      	SUBWF      R10, 1
0x00ED	0x0877      	MOVF       R7, 0
0x00EE	0x1C03      	BTFSS      STATUS, 0
0x00EF	0x0F77      	INCFSZ     R7, 0
0x00F0	0x02FB      	SUBWF      R11, 1
0x00F1	0x28FF      	GOTO       SOK22L8
SADD22L8:
0x00F2	0x07F8      	ADDWF      R8, 1
0x00F3	0x0875      	MOVF       R5, 0
0x00F4	0x1803      	BTFSC      STATUS, 0
0x00F5	0x0F75      	INCFSZ     R5, 0
0x00F6	0x07F9      	ADDWF      R9, 1
0x00F7	0x0876      	MOVF       R6, 0
0x00F8	0x1803      	BTFSC      STATUS, 0
0x00F9	0x0F76      	INCFSZ     R6, 0
0x00FA	0x07FA      	ADDWF      R10, 1
0x00FB	0x0877      	MOVF       R7, 0
0x00FC	0x1803      	BTFSC      STATUS, 0
0x00FD	0x0F77      	INCFSZ     R7, 0
0x00FE	0x07FB      	ADDWF      R11, 1
SOK22L8:
0x00FF	0x0DF2      	RLF        R2, 1
0x0100	0x3007      	MOVLW      7
0x0101	0x00FC      	MOVWF      R12
LOOPS3232B:
0x0102	0x0D72      	RLF        R2, 0
0x0103	0x0DF8      	RLF        R8, 1
0x0104	0x0DF9      	RLF        R9, 1
0x0105	0x0DFA      	RLF        R10, 1
0x0106	0x0DFB      	RLF        R11, 1
0x0107	0x0874      	MOVF       R4, 0
0x0108	0x1C72      	BTFSS      R2, 0
0x0109	0x2918      	GOTO       SADD22LB
0x010A	0x02F8      	SUBWF      R8, 1
0x010B	0x0875      	MOVF       R5, 0
0x010C	0x1C03      	BTFSS      STATUS, 0
0x010D	0x0F75      	INCFSZ     R5, 0
0x010E	0x02F9      	SUBWF      R9, 1
0x010F	0x0876      	MOVF       R6, 0
0x0110	0x1C03      	BTFSS      STATUS, 0
0x0111	0x0F76      	INCFSZ     R6, 0
0x0112	0x02FA      	SUBWF      R10, 1
0x0113	0x0877      	MOVF       R7, 0
0x0114	0x1C03      	BTFSS      STATUS, 0
0x0115	0x0F77      	INCFSZ     R7, 0
0x0116	0x02FB      	SUBWF      R11, 1
0x0117	0x2925      	GOTO       SOK22LB
SADD22LB:
0x0118	0x07F8      	ADDWF      R8, 1
0x0119	0x0875      	MOVF       R5, 0
0x011A	0x1803      	BTFSC      STATUS, 0
0x011B	0x0F75      	INCFSZ     R5, 0
0x011C	0x07F9      	ADDWF      R9, 1
0x011D	0x0876      	MOVF       R6, 0
0x011E	0x1803      	BTFSC      STATUS, 0
0x011F	0x0F76      	INCFSZ     R6, 0
0x0120	0x07FA      	ADDWF      R10, 1
0x0121	0x0877      	MOVF       R7, 0
0x0122	0x1803      	BTFSC      STATUS, 0
0x0123	0x0F77      	INCFSZ     R7, 0
0x0124	0x07FB      	ADDWF      R11, 1
SOK22LB:
0x0125	0x0DF2      	RLF        R2, 1
0x0126	0x0BFC      	DECFSZ     R12, 1
0x0127	0x2902      	GOTO       LOOPS3232B
0x0128	0x0D71      	RLF        R1, 0
0x0129	0x0DF8      	RLF        R8, 1
0x012A	0x0DF9      	RLF        R9, 1
0x012B	0x0DFA      	RLF        R10, 1
0x012C	0x0DFB      	RLF        R11, 1
0x012D	0x0874      	MOVF       R4, 0
0x012E	0x1C72      	BTFSS      R2, 0
0x012F	0x293E      	GOTO       SADD22L16
0x0130	0x02F8      	SUBWF      R8, 1
0x0131	0x0875      	MOVF       R5, 0
0x0132	0x1C03      	BTFSS      STATUS, 0
0x0133	0x0F75      	INCFSZ     R5, 0
0x0134	0x02F9      	SUBWF      R9, 1
0x0135	0x0876      	MOVF       R6, 0
0x0136	0x1C03      	BTFSS      STATUS, 0
0x0137	0x0F76      	INCFSZ     R6, 0
0x0138	0x02FA      	SUBWF      R10, 1
0x0139	0x0877      	MOVF       R7, 0
0x013A	0x1C03      	BTFSS      STATUS, 0
0x013B	0x0F77      	INCFSZ     R7, 0
0x013C	0x02FB      	SUBWF      R11, 1
0x013D	0x294B      	GOTO       SOK22L16
SADD22L16:
0x013E	0x07F8      	ADDWF      R8, 1
0x013F	0x0875      	MOVF       R5, 0
0x0140	0x1803      	BTFSC      STATUS, 0
0x0141	0x0F75      	INCFSZ     R5, 0
0x0142	0x07F9      	ADDWF      R9, 1
0x0143	0x0876      	MOVF       R6, 0
0x0144	0x1803      	BTFSC      STATUS, 0
0x0145	0x0F76      	INCFSZ     R6, 0
0x0146	0x07FA      	ADDWF      R10, 1
0x0147	0x0877      	MOVF       R7, 0
0x0148	0x1803      	BTFSC      STATUS, 0
0x0149	0x0F77      	INCFSZ     R7, 0
0x014A	0x07FB      	ADDWF      R11, 1
SOK22L16:
0x014B	0x0DF1      	RLF        R1, 1
0x014C	0x3007      	MOVLW      7
0x014D	0x00FC      	MOVWF      R12
LOOPS3232C:
0x014E	0x0D71      	RLF        R1, 0
0x014F	0x0DF8      	RLF        R8, 1
0x0150	0x0DF9      	RLF        R9, 1
0x0151	0x0DFA      	RLF        R10, 1
0x0152	0x0DFB      	RLF        R11, 1
0x0153	0x0874      	MOVF       R4, 0
0x0154	0x1C71      	BTFSS      R1, 0
0x0155	0x2964      	GOTO       SADD22LC
0x0156	0x02F8      	SUBWF      R8, 1
0x0157	0x0875      	MOVF       R5, 0
0x0158	0x1C03      	BTFSS      STATUS, 0
0x0159	0x0F75      	INCFSZ     R5, 0
0x015A	0x02F9      	SUBWF      R9, 1
0x015B	0x0876      	MOVF       R6, 0
0x015C	0x1C03      	BTFSS      STATUS, 0
0x015D	0x0F76      	INCFSZ     R6, 0
0x015E	0x02FA      	SUBWF      R10, 1
0x015F	0x0877      	MOVF       R7, 0
0x0160	0x1C03      	BTFSS      STATUS, 0
0x0161	0x0F77      	INCFSZ     R7, 0
0x0162	0x02FB      	SUBWF      R11, 1
0x0163	0x2971      	GOTO       SOK22LC
SADD22LC:
0x0164	0x07F8      	ADDWF      R8, 1
0x0165	0x0875      	MOVF       R5, 0
0x0166	0x1803      	BTFSC      STATUS, 0
0x0167	0x0F75      	INCFSZ     R5, 0
0x0168	0x07F9      	ADDWF      R9, 1
0x0169	0x0876      	MOVF       R6, 0
0x016A	0x1803      	BTFSC      STATUS, 0
0x016B	0x0F76      	INCFSZ     R6, 0
0x016C	0x07FA      	ADDWF      R10, 1
0x016D	0x0877      	MOVF       R7, 0
0x016E	0x1803      	BTFSC      STATUS, 0
0x016F	0x0F77      	INCFSZ     R7, 0
0x0170	0x07FB      	ADDWF      R11, 1
SOK22LC:
0x0171	0x0DF1      	RLF        R1, 1
0x0172	0x0BFC      	DECFSZ     R12, 1
0x0173	0x294E      	GOTO       LOOPS3232C
0x0174	0x0D70      	RLF        R0, 0
0x0175	0x0DF8      	RLF        R8, 1
0x0176	0x0DF9      	RLF        R9, 1
0x0177	0x0DFA      	RLF        R10, 1
0x0178	0x0DFB      	RLF        R11, 1
0x0179	0x0874      	MOVF       R4, 0
0x017A	0x1C71      	BTFSS      R1, 0
0x017B	0x298A      	GOTO       SADD22L24
0x017C	0x02F8      	SUBWF      R8, 1
0x017D	0x0875      	MOVF       R5, 0
0x017E	0x1C03      	BTFSS      STATUS, 0
0x017F	0x0F75      	INCFSZ     R5, 0
0x0180	0x02F9      	SUBWF      R9, 1
0x0181	0x0876      	MOVF       R6, 0
0x0182	0x1C03      	BTFSS      STATUS, 0
0x0183	0x0F76      	INCFSZ     R6, 0
0x0184	0x02FA      	SUBWF      R10, 1
0x0185	0x0877      	MOVF       R7, 0
0x0186	0x1C03      	BTFSS      STATUS, 0
0x0187	0x0F77      	INCFSZ     R7, 0
0x0188	0x02FB      	SUBWF      R11, 1
0x0189	0x2997      	GOTO       SOK22L24
SADD22L24:
0x018A	0x07F8      	ADDWF      R8, 1
0x018B	0x0875      	MOVF       R5, 0
0x018C	0x1803      	BTFSC      STATUS, 0
0x018D	0x0F75      	INCFSZ     R5, 0
0x018E	0x07F9      	ADDWF      R9, 1
0x018F	0x0876      	MOVF       R6, 0
0x0190	0x1803      	BTFSC      STATUS, 0
0x0191	0x0F76      	INCFSZ     R6, 0
0x0192	0x07FA      	ADDWF      R10, 1
0x0193	0x0877      	MOVF       R7, 0
0x0194	0x1803      	BTFSC      STATUS, 0
0x0195	0x0F77      	INCFSZ     R7, 0
0x0196	0x07FB      	ADDWF      R11, 1
SOK22L24:
0x0197	0x0DF0      	RLF        R0, 1
0x0198	0x3007      	MOVLW      7
0x0199	0x00FC      	MOVWF      R12
LOOPS3232D:
0x019A	0x0D70      	RLF        R0, 0
0x019B	0x0DF8      	RLF        R8, 1
0x019C	0x0DF9      	RLF        R9, 1
0x019D	0x0DFA      	RLF        R10, 1
0x019E	0x0DFB      	RLF        R11, 1
0x019F	0x0874      	MOVF       R4, 0
0x01A0	0x1C70      	BTFSS      R0, 0
0x01A1	0x29B0      	GOTO       SADD22LD
0x01A2	0x02F8      	SUBWF      R8, 1
0x01A3	0x0875      	MOVF       R5, 0
0x01A4	0x1C03      	BTFSS      STATUS, 0
0x01A5	0x0F75      	INCFSZ     R5, 0
0x01A6	0x02F9      	SUBWF      R9, 1
0x01A7	0x0876      	MOVF       R6, 0
0x01A8	0x1C03      	BTFSS      STATUS, 0
0x01A9	0x0F76      	INCFSZ     R6, 0
0x01AA	0x02FA      	SUBWF      R10, 1
0x01AB	0x0877      	MOVF       R7, 0
0x01AC	0x1C03      	BTFSS      STATUS, 0
0x01AD	0x0F77      	INCFSZ     R7, 0
0x01AE	0x02FB      	SUBWF      R11, 1
0x01AF	0x29BD      	GOTO       SOK22LD
SADD22LD:
0x01B0	0x07F8      	ADDWF      R8, 1
0x01B1	0x0875      	MOVF       R5, 0
0x01B2	0x1803      	BTFSC      STATUS, 0
0x01B3	0x0F75      	INCFSZ     R5, 0
0x01B4	0x07F9      	ADDWF      R9, 1
0x01B5	0x0876      	MOVF       R6, 0
0x01B6	0x1803      	BTFSC      STATUS, 0
0x01B7	0x0F76      	INCFSZ     R6, 0
0x01B8	0x07FA      	ADDWF      R10, 1
0x01B9	0x0877      	MOVF       R7, 0
0x01BA	0x1803      	BTFSC      STATUS, 0
0x01BB	0x0F77      	INCFSZ     R7, 0
0x01BC	0x07FB      	ADDWF      R11, 1
SOK22LD:
0x01BD	0x0DF0      	RLF        R0, 1
0x01BE	0x0BFC      	DECFSZ     R12, 1
0x01BF	0x299A      	GOTO       LOOPS3232D
0x01C0	0x1870      	BTFSC      R0, 0
0x01C1	0x29D0      	GOTO       SOK22L
0x01C2	0x0874      	MOVF       R4, 0
0x01C3	0x07F8      	ADDWF      R8, 1
0x01C4	0x0875      	MOVF       R5, 0
0x01C5	0x1803      	BTFSC      STATUS, 0
0x01C6	0x0F75      	INCFSZ     R5, 0
0x01C7	0x07F9      	ADDWF      R9, 1
0x01C8	0x0876      	MOVF       R6, 0
0x01C9	0x1803      	BTFSC      STATUS, 0
0x01CA	0x0F76      	INCFSZ     R6, 0
0x01CB	0x07FA      	ADDWF      R10, 1
0x01CC	0x0877      	MOVF       R7, 0
0x01CD	0x1803      	BTFSC      STATUS, 0
0x01CE	0x0F77      	INCFSZ     R7, 0
0x01CF	0x07FB      	ADDWF      R11, 1
SOK22L:
L_end_SDIV3232L:
0x01D0	0x0008      	RETURN
; end of _SDIV3232L
_COMFREM:
0x01D1	0x09FB      	COMF       R11, 1
0x01D2	0x09FA      	COMF       R10, 1
0x01D3	0x09F9      	COMF       R9, 1
0x01D4	0x09F8      	COMF       R8, 1
0x01D5	0x0AF8      	INCF       R8, 1
0x01D6	0x1903      	BTFSC      STATUS, 2
0x01D7	0x0AF9      	INCF       R9, 1
0x01D8	0x1903      	BTFSC      STATUS, 2
0x01D9	0x0AFA      	INCF       R10, 1
0x01DA	0x1903      	BTFSC      STATUS, 2
0x01DB	0x0AFB      	INCF       R11, 1
L_end_COMFREM:
0x01DC	0x0008      	RETURN
; end of _COMFREM
_Div_32x32_S:
0x01DD	0x0874      	MOVF       R4, 0
0x01DE	0x3A00      	XORLW      0
0x01DF	0x1D03      	BTFSS      STATUS, 2
0x01E0	0x29F6      	GOTO       L_Div_32x32_S6
0x01E1	0x0875      	MOVF       R5, 0
0x01E2	0x3A00      	XORLW      0
0x01E3	0x1D03      	BTFSS      STATUS, 2
0x01E4	0x29F6      	GOTO       L_Div_32x32_S7
0x01E5	0x0876      	MOVF       R6, 0
0x01E6	0x3A00      	XORLW      0
0x01E7	0x1D03      	BTFSS      STATUS, 2
0x01E8	0x29F6      	GOTO       L_Div_32x32_S8
0x01E9	0x0877      	MOVF       R7, 0
0x01EA	0x3A00      	XORLW      0
0x01EB	0x1D03      	BTFSS      STATUS, 2
0x01EC	0x29F6      	GOTO       L_Div_32x32_S9
0x01ED	0x30FF      	MOVLW      255
0x01EE	0x00F0      	MOVWF      R0
0x01EF	0x30FF      	MOVLW      255
0x01F0	0x00F1      	MOVWF      R1
0x01F1	0x30FF      	MOVLW      255
0x01F2	0x00F2      	MOVWF      R2
0x01F3	0x307F      	MOVLW      127
0x01F4	0x00F3      	MOVWF      R3
0x01F5	0x2A8E      	GOTO       L_end_Div_32x32_S
L_Div_32x32_S9:
L_Div_32x32_S8:
L_Div_32x32_S7:
L_Div_32x32_S6:
0x01F6	0x0020      	MOVLB      0
0x01F7	0x01FC      	CLRF       R12
0x01F8	0x1BF7      	BTFSC      R7, 7
0x01F9	0x0AFC      	INCF       R12, 1
0x01FA	0x01FD      	CLRF       R13
0x01FB	0x01FB      	CLRF       R11
0x01FC	0x01FA      	CLRF       R10
0x01FD	0x01F9      	CLRF       R9
0x01FE	0x01F8      	CLRF       R8
0x01FF	0x0873      	MOVF       R3, 0
0x0200	0x0472      	IORWF       R2, 0
0x0201	0x0471      	IORWF       R1, 0
0x0202	0x0470      	IORWF       R0, 0
0x0203	0x1903      	BTFSC      STATUS, 2
0x0204	0x2A89      	GOTO       END_ALL
0x0205	0x0873      	MOVF       R3, 0
0x0206	0x0677      	XORWF      R7, 0
0x0207	0x00A0      	MOVWF      ___math_tempb
0x0208	0x1BA0      	BTFSC      ___math_tempb, 7
0x0209	0x09FD      	COMF       R13, 1
0x020A	0x1FF7      	BTFSS      R7, 7
0x020B	0x2A17      	GOTO       CA3232S
0x020C	0x09F4      	COMF       R4, 1
0x020D	0x09F5      	COMF       R5, 1
0x020E	0x09F6      	COMF       R6, 1
0x020F	0x09F7      	COMF       R7, 1
0x0210	0x0AF4      	INCF       R4, 1
0x0211	0x1903      	BTFSC      STATUS, 2
0x0212	0x0AF5      	INCF       R5, 1
0x0213	0x1903      	BTFSC      STATUS, 2
0x0214	0x0AF6      	INCF       R6, 1
0x0215	0x1903      	BTFSC      STATUS, 2
0x0216	0x0AF7      	INCF       R7, 1
CA3232S:
0x0217	0x1FF3      	BTFSS      R3, 7
0x0218	0x2A24      	GOTO       C3232SX
0x0219	0x09F0      	COMF       R0, 1
0x021A	0x09F1      	COMF       R1, 1
0x021B	0x09F2      	COMF       R2, 1
0x021C	0x09F3      	COMF       R3, 1
0x021D	0x0AF0      	INCF       R0, 1
0x021E	0x1903      	BTFSC      STATUS, 2
0x021F	0x0AF1      	INCF       R1, 1
0x0220	0x1903      	BTFSC      STATUS, 2
0x0221	0x0AF2      	INCF       R2, 1
0x0222	0x1903      	BTFSC      STATUS, 2
0x0223	0x0AF3      	INCF       R3, 1
C3232SX:
0x0224	0x0873      	MOVF       R3, 0
0x0225	0x0477      	IORWF       R7, 0
0x0226	0x00A0      	MOVWF      ___math_tempb
0x0227	0x1BA0      	BTFSC      ___math_tempb, 7
0x0228	0x2A45      	GOTO       C3232SX1
C3232S:
0x0229	0x20A5      	CALL       _SDIV3232L
0x022A	0x1BFC      	BTFSC      R12, 7
0x022B	0x2A62      	GOTO       C3232SX4
C3232SOK:
0x022C	0x1FFD      	BTFSS      R13, 7
0x022D	0x2A89      	GOTO       END_ALL
0x022E	0x09F0      	COMF       R0, 1
0x022F	0x09F1      	COMF       R1, 1
0x0230	0x09F2      	COMF       R2, 1
0x0231	0x09F3      	COMF       R3, 1
0x0232	0x0AF0      	INCF       R0, 1
0x0233	0x1903      	BTFSC      STATUS, 2
0x0234	0x0AF1      	INCF       R1, 1
0x0235	0x1903      	BTFSC      STATUS, 2
0x0236	0x0AF2      	INCF       R2, 1
0x0237	0x1903      	BTFSC      STATUS, 2
0x0238	0x0AF3      	INCF       R3, 1
0x0239	0x09F8      	COMF       R8, 1
0x023A	0x09F9      	COMF       R9, 1
0x023B	0x09FA      	COMF       R10, 1
0x023C	0x09FB      	COMF       R11, 1
0x023D	0x0AF8      	INCF       R8, 1
0x023E	0x1903      	BTFSC      STATUS, 2
0x023F	0x0AF9      	INCF       R9, 1
0x0240	0x1903      	BTFSC      STATUS, 2
0x0241	0x0AFA      	INCF       R10, 1
0x0242	0x1903      	BTFSC      STATUS, 2
0x0243	0x0AFB      	INCF       R11, 1
0x0244	0x2A89      	GOTO       END_ALL
C3232SX1:
0x0245	0x1FF7      	BTFSS      R7, 7
0x0246	0x2A5C      	GOTO       C3232SX3
0x0247	0x1BF3      	BTFSC      R3, 7
0x0248	0x2A56      	GOTO       C3232SX2
0x0249	0x0873      	MOVF       R3, 0
0x024A	0x00FB      	MOVWF      R11
0x024B	0x0872      	MOVF       R2, 0
0x024C	0x00FA      	MOVWF      R10
0x024D	0x0871      	MOVF       R1, 0
0x024E	0x00F9      	MOVWF      R9
0x024F	0x0870      	MOVF       R0, 0
0x0250	0x00F8      	MOVWF      R8
0x0251	0x01F3      	CLRF       R3
0x0252	0x01F2      	CLRF       R2
0x0253	0x01F1      	CLRF       R1
0x0254	0x01F0      	CLRF       R0
0x0255	0x2A2C      	GOTO       C3232SOK
C3232SX2:
0x0256	0x01F3      	CLRF       R3
0x0257	0x01F2      	CLRF       R2
0x0258	0x01F1      	CLRF       R1
0x0259	0x01F0      	CLRF       R0
0x025A	0x0AF0      	INCF       R0, 1
0x025B	0x3400      	RETLW      0
C3232SX3:
0x025C	0x09F3      	COMF       R3, 1
0x025D	0x09F2      	COMF       R2, 1
0x025E	0x09F1      	COMF       R1, 1
0x025F	0x09F0      	COMF       R0, 1
0x0260	0x17FC      	BSF        R12, 7
0x0261	0x2A29      	GOTO       C3232S
C3232SX4:
0x0262	0x0AF8      	INCF       R8, 1
0x0263	0x1903      	BTFSC      STATUS, 2
0x0264	0x0AF9      	INCF       R9, 1
0x0265	0x1903      	BTFSC      STATUS, 2
0x0266	0x0AFA      	INCF       R10, 1
0x0267	0x1903      	BTFSC      STATUS, 2
0x0268	0x0AFB      	INCF       R11, 1
0x0269	0x0874      	MOVF       R4, 0
0x026A	0x0278      	SUBWF      R8, 0
0x026B	0x1D03      	BTFSS      STATUS, 2
0x026C	0x2A2C      	GOTO       C3232SOK
0x026D	0x0875      	MOVF       R5, 0
0x026E	0x0279      	SUBWF      R9, 0
0x026F	0x1D03      	BTFSS      STATUS, 2
0x0270	0x2A2C      	GOTO       C3232SOK
0x0271	0x0876      	MOVF       R6, 0
0x0272	0x027A      	SUBWF      R10, 0
0x0273	0x1D03      	BTFSS      STATUS, 2
0x0274	0x2A2C      	GOTO       C3232SOK
0x0275	0x0877      	MOVF       R7, 0
0x0276	0x027B      	SUBWF      R11, 0
0x0277	0x1D03      	BTFSS      STATUS, 2
0x0278	0x2A2C      	GOTO       C3232SOK
0x0279	0x01FB      	CLRF       R11
0x027A	0x01FA      	CLRF       R10
0x027B	0x01F9      	CLRF       R9
0x027C	0x01F8      	CLRF       R8
0x027D	0x0AF0      	INCF       R0, 1
0x027E	0x1903      	BTFSC      STATUS, 2
0x027F	0x0AF1      	INCF       R1, 1
0x0280	0x1903      	BTFSC      STATUS, 2
0x0281	0x0AF2      	INCF       R2, 1
0x0282	0x1903      	BTFSC      STATUS, 2
0x0283	0x0AF3      	INCF       R3, 1
0x0284	0x1FF3      	BTFSS      R3, 7
0x0285	0x2A2C      	GOTO       C3232SOK
0x0286	0x01A0      	CLRF       ___math_tempb
0x0287	0x1620      	BSF        ___math_tempb, 4
0x0288	0x34FF      	RETLW      255
END_ALL:
0x0289	0x01A0      	CLRF       ___math_tempb
0x028A	0x1C7C      	BTFSS      R12, 0
0x028B	0x2A8D      	GOTO       avoid_comfrem
0x028C	0x21D1      	CALL       _COMFREM
avoid_comfrem:
0x028D	0x3E00      	ADDLW      0
L_end_Div_32x32_S:
0x028E	0x0008      	RETURN
; end of _Div_32x32_S
_Mul_32x32_U:
0x028F	0x0020      	MOVLB      0
0x0290	0x3022      	MOVLW      34
0x0291	0x00FC      	MOVWF      R12
0x0292	0x01F8      	CLRF       R8
0x0293	0x01F9      	CLRF       R9
0x0294	0x01FA      	CLRF       R10
0x0295	0x01FB      	CLRF       R11
_NEXT:
0x0296	0x03FC      	DECF       R12, 1
0x0297	0x1903      	BTFSC      STATUS, 2
0x0298	0x2AC4      	GOTO       _EXIT2
0x0299	0x1003      	BCF        STATUS, 0
_LOOP:
0x029A	0x0CFB      	RRF        R11, 1
0x029B	0x0CFA      	RRF        R10, 1
0x029C	0x0CF9      	RRF        R9, 1
0x029D	0x0CF8      	RRF        R8, 1
0x029E	0x0CF3      	RRF        R3, 1
0x029F	0x0CF2      	RRF        R2, 1
0x02A0	0x0CF1      	RRF        R1, 1
0x02A1	0x0CF0      	RRF        R0, 1
0x02A2	0x1C03      	BTFSS      STATUS, 0
0x02A3	0x2A96      	GOTO       _NEXT
0x02A4	0x03FC      	DECF       R12, 1
0x02A5	0x1903      	BTFSC      STATUS, 2
0x02A6	0x2AB6      	GOTO       _EXIT1
0x02A7	0x0874      	MOVF       R4, 0
0x02A8	0x07F8      	ADDWF      R8, 1
0x02A9	0x0875      	MOVF       R5, 0
0x02AA	0x1803      	BTFSC      STATUS, 0
0x02AB	0x0F75      	INCFSZ     R5, 0
0x02AC	0x07F9      	ADDWF      R9, 1
0x02AD	0x0876      	MOVF       R6, 0
0x02AE	0x1803      	BTFSC      STATUS, 0
0x02AF	0x0F76      	INCFSZ     R6, 0
0x02B0	0x07FA      	ADDWF      R10, 1
0x02B1	0x0877      	MOVF       R7, 0
0x02B2	0x1803      	BTFSC      STATUS, 0
0x02B3	0x0F77      	INCFSZ     R7, 0
0x02B4	0x07FB      	ADDWF      R11, 1
0x02B5	0x2A9A      	GOTO       _LOOP
_EXIT1:
0x02B6	0x0874      	MOVF       R4, 0
0x02B7	0x07F8      	ADDWF      R8, 1
0x02B8	0x0875      	MOVF       R5, 0
0x02B9	0x1803      	BTFSC      STATUS, 0
0x02BA	0x0F75      	INCFSZ     R5, 0
0x02BB	0x07F9      	ADDWF      R9, 1
0x02BC	0x0876      	MOVF       R6, 0
0x02BD	0x1803      	BTFSC      STATUS, 0
0x02BE	0x0F76      	INCFSZ     R6, 0
0x02BF	0x07FA      	ADDWF      R10, 1
0x02C0	0x0877      	MOVF       R7, 0
0x02C1	0x1803      	BTFSC      STATUS, 0
0x02C2	0x0F77      	INCFSZ     R7, 0
0x02C3	0x07FB      	ADDWF      R11, 1
_EXIT2:
L_end_Mul_32x32_U:
0x02C4	0x0008      	RETURN
; end of _Mul_32x32_U
_micros:
0x02C5	0x0020      	MOVLB      0
0x02C6	0x0817      	MOVF       TMR1H, 0
0x02C7	0x00F1      	MOVWF      R1
0x02C8	0x01F0      	CLRF       R0
0x02C9	0x0816      	MOVF       TMR1L, 0
0x02CA	0x0470      	IORWF       R0, 0
0x02CB	0x00F5      	MOVWF      R5
0x02CC	0x0871      	MOVF       R1, 0
0x02CD	0x00F6      	MOVWF      R6
0x02CE	0x3000      	MOVLW      0
0x02CF	0x04F6      	IORWF       R6, 1
0x02D0	0x0829      	MOVF       _n_interrupts_timer1+1, 0
0x02D1	0x00F3      	MOVWF      R3
0x02D2	0x0828      	MOVF       _n_interrupts_timer1, 0
0x02D3	0x00F2      	MOVWF      R2
0x02D4	0x01F0      	CLRF       R0
0x02D5	0x01F1      	CLRF       R1
0x02D6	0x0875      	MOVF       R5, 0
0x02D7	0x07F0      	ADDWF      R0, 1
0x02D8	0x0876      	MOVF       R6, 0
0x02D9	0x3DF1      	ADDWFC     R1, 1
0x02DA	0x3000      	MOVLW      0
0x02DB	0x3DF2      	ADDWFC     R2, 1
0x02DC	0x3DF3      	ADDWFC     R3, 1
L_end_micros:
0x02DD	0x0008      	RETURN
; end of _micros
_ADC_Init:
0x02DE	0x30FF      	MOVLW      _ADC_Get_Sample
0x02DF	0x0020      	MOVLB      0
0x02E0	0x00C2      	MOVWF      _ADC_Get_Sample_Ptr
0x02E1	0x30FF      	MOVLW      hi_addr(_ADC_Get_Sample)
0x02E2	0x00C3      	MOVWF      _ADC_Get_Sample_Ptr+1
0x02E3	0x30FF      	MOVLW      FARG_ADC_Get_Sample_channel
0x02E4	0x00C4      	MOVWF      _ADC_Get_Sample_Ptr+2
0x02E5	0x30FF      	MOVLW      hi_addr(FARG_ADC_Get_Sample_channel)
0x02E6	0x00C5      	MOVWF      _ADC_Get_Sample_Ptr+3
0x02E7	0x30F0      	MOVLW      240
0x02E8	0x0021      	MOVLB      1
0x02E9	0x009E      	MOVWF      ADCON1
0x02EA	0x019D      	CLRF       ADCON0
0x02EB	0x141D      	BSF        ADON_bit, BitPos(ADON_bit+0)
L_end_ADC_Init:
0x02EC	0x0008      	RETURN
; end of _ADC_Init
_set_duty_cycle:
0x02ED	0x3000      	MOVLW      0
0x02EE	0x0020      	MOVLB      0
0x02EF	0x064D      	XORWF      FARG_set_duty_cycle_channel+1, 0
0x02F0	0x1D03      	BTFSS      STATUS, 2
0x02F1	0x2AF4      	GOTO       L__set_duty_cycle84
0x02F2	0x3001      	MOVLW      1
0x02F3	0x064C      	XORWF      FARG_set_duty_cycle_channel, 0
L__set_duty_cycle84:
0x02F4	0x1D03      	BTFSS      STATUS, 2
0x02F5	0x2AF9      	GOTO       L_set_duty_cycle0
0x02F6	0x084E      	MOVF       FARG_set_duty_cycle_duty, 0
0x02F7	0x0025      	MOVLB      5
0x02F8	0x0091      	MOVWF      CCPR1L
L_set_duty_cycle0:
0x02F9	0x3000      	MOVLW      0
0x02FA	0x0020      	MOVLB      0
0x02FB	0x064D      	XORWF      FARG_set_duty_cycle_channel+1, 0
0x02FC	0x1D03      	BTFSS      STATUS, 2
0x02FD	0x2B00      	GOTO       L__set_duty_cycle85
0x02FE	0x3002      	MOVLW      2
0x02FF	0x064C      	XORWF      FARG_set_duty_cycle_channel, 0
L__set_duty_cycle85:
0x0300	0x1D03      	BTFSS      STATUS, 2
0x0301	0x2B05      	GOTO       L_set_duty_cycle1
0x0302	0x084E      	MOVF       FARG_set_duty_cycle_duty, 0
0x0303	0x0025      	MOVLB      5
0x0304	0x0098      	MOVWF      CCPR2L
L_set_duty_cycle1:
L_end_set_duty_cycle:
0x0305	0x0008      	RETURN
; end of _set_duty_cycle
_pwm_steering:
0x0306	0x3000      	MOVLW      0
0x0307	0x0020      	MOVLB      0
0x0308	0x064D      	XORWF      FARG_pwm_steering_channel+1, 0
0x0309	0x1D03      	BTFSS      STATUS, 2
0x030A	0x2B0D      	GOTO       L__pwm_steering87
0x030B	0x3001      	MOVLW      1
0x030C	0x064C      	XORWF      FARG_pwm_steering_channel, 0
L__pwm_steering87:
0x030D	0x1D03      	BTFSS      STATUS, 2
0x030E	0x2B2A      	GOTO       L_pwm_steering2
0x030F	0x0025      	MOVLB      5
0x0310	0x1016      	BCF        PSTR1CON, 0
0x0311	0x1096      	BCF        PSTR1CON, 1
0x0312	0x3000      	MOVLW      0
0x0313	0x0020      	MOVLB      0
0x0314	0x064F      	XORWF      FARG_pwm_steering_port+1, 0
0x0315	0x1D03      	BTFSS      STATUS, 2
0x0316	0x2B19      	GOTO       L__pwm_steering88
0x0317	0x3001      	MOVLW      1
0x0318	0x064E      	XORWF      FARG_pwm_steering_port, 0
L__pwm_steering88:
0x0319	0x1D03      	BTFSS      STATUS, 2
0x031A	0x2B1E      	GOTO       L_pwm_steering3
0x031B	0x120E      	BCF        RC4_bit, BitPos(RC4_bit+0)
0x031C	0x0025      	MOVLB      5
0x031D	0x1416      	BSF        PSTR1CON, 0
L_pwm_steering3:
0x031E	0x3000      	MOVLW      0
0x031F	0x0020      	MOVLB      0
0x0320	0x064F      	XORWF      FARG_pwm_steering_port+1, 0
0x0321	0x1D03      	BTFSS      STATUS, 2
0x0322	0x2B25      	GOTO       L__pwm_steering89
0x0323	0x3002      	MOVLW      2
0x0324	0x064E      	XORWF      FARG_pwm_steering_port, 0
L__pwm_steering89:
0x0325	0x1D03      	BTFSS      STATUS, 2
0x0326	0x2B2A      	GOTO       L_pwm_steering4
0x0327	0x128E      	BCF        RC5_bit, BitPos(RC5_bit+0)
0x0328	0x0025      	MOVLB      5
0x0329	0x1496      	BSF        PSTR1CON, 1
L_pwm_steering4:
L_pwm_steering2:
0x032A	0x3000      	MOVLW      0
0x032B	0x0020      	MOVLB      0
0x032C	0x064D      	XORWF      FARG_pwm_steering_channel+1, 0
0x032D	0x1D03      	BTFSS      STATUS, 2
0x032E	0x2B31      	GOTO       L__pwm_steering90
0x032F	0x3002      	MOVLW      2
0x0330	0x064C      	XORWF      FARG_pwm_steering_channel, 0
L__pwm_steering90:
0x0331	0x1D03      	BTFSS      STATUS, 2
0x0332	0x2B4E      	GOTO       L_pwm_steering5
0x0333	0x0025      	MOVLB      5
0x0334	0x101D      	BCF        PSTR2CON, 0
0x0335	0x109D      	BCF        PSTR2CON, 1
0x0336	0x3000      	MOVLW      0
0x0337	0x0020      	MOVLB      0
0x0338	0x064F      	XORWF      FARG_pwm_steering_port+1, 0
0x0339	0x1D03      	BTFSS      STATUS, 2
0x033A	0x2B3D      	GOTO       L__pwm_steering91
0x033B	0x3001      	MOVLW      1
0x033C	0x064E      	XORWF      FARG_pwm_steering_port, 0
L__pwm_steering91:
0x033D	0x1D03      	BTFSS      STATUS, 2
0x033E	0x2B42      	GOTO       L_pwm_steering6
0x033F	0x120C      	BCF        RA4_bit, BitPos(RA4_bit+0)
0x0340	0x0025      	MOVLB      5
0x0341	0x141D      	BSF        PSTR2CON, 0
L_pwm_steering6:
0x0342	0x3000      	MOVLW      0
0x0343	0x0020      	MOVLB      0
0x0344	0x064F      	XORWF      FARG_pwm_steering_port+1, 0
0x0345	0x1D03      	BTFSS      STATUS, 2
0x0346	0x2B49      	GOTO       L__pwm_steering92
0x0347	0x3002      	MOVLW      2
0x0348	0x064E      	XORWF      FARG_pwm_steering_port, 0
L__pwm_steering92:
0x0349	0x1D03      	BTFSS      STATUS, 2
0x034A	0x2B4E      	GOTO       L_pwm_steering7
0x034B	0x128C      	BCF        RA5_bit, BitPos(RA5_bit+0)
0x034C	0x0025      	MOVLB      5
0x034D	0x149D      	BSF        PSTR2CON, 1
L_pwm_steering7:
L_pwm_steering5:
L_end_pwm_steering:
0x034E	0x0008      	RETURN
; end of _pwm_steering
_map:
0x034F	0x0020      	MOVLB      0
0x0350	0x084C      	MOVF       FARG_map_x, 0
0x0351	0x00F4      	MOVWF      R4
0x0352	0x084D      	MOVF       FARG_map_x+1, 0
0x0353	0x00F5      	MOVWF      R5
0x0354	0x084E      	MOVF       FARG_map_x+2, 0
0x0355	0x00F6      	MOVWF      R6
0x0356	0x084F      	MOVF       FARG_map_x+3, 0
0x0357	0x00F7      	MOVWF      R7
0x0358	0x0850      	MOVF       FARG_map_in_min, 0
0x0359	0x02F4      	SUBWF      R4, 1
0x035A	0x0851      	MOVF       FARG_map_in_min+1, 0
0x035B	0x3BF5      	SUBWFB     R5, 1
0x035C	0x0852      	MOVF       FARG_map_in_min+2, 0
0x035D	0x3BF6      	SUBWFB     R6, 1
0x035E	0x0853      	MOVF       FARG_map_in_min+3, 0
0x035F	0x3BF7      	SUBWFB     R7, 1
0x0360	0x085C      	MOVF       FARG_map_out_max, 0
0x0361	0x00F0      	MOVWF      R0
0x0362	0x085D      	MOVF       FARG_map_out_max+1, 0
0x0363	0x00F1      	MOVWF      R1
0x0364	0x085E      	MOVF       FARG_map_out_max+2, 0
0x0365	0x00F2      	MOVWF      R2
0x0366	0x085F      	MOVF       FARG_map_out_max+3, 0
0x0367	0x00F3      	MOVWF      R3
0x0368	0x0858      	MOVF       FARG_map_out_min, 0
0x0369	0x02F0      	SUBWF      R0, 1
0x036A	0x0859      	MOVF       FARG_map_out_min+1, 0
0x036B	0x3BF1      	SUBWFB     R1, 1
0x036C	0x085A      	MOVF       FARG_map_out_min+2, 0
0x036D	0x3BF2      	SUBWFB     R2, 1
0x036E	0x085B      	MOVF       FARG_map_out_min+3, 0
0x036F	0x3BF3      	SUBWFB     R3, 1
0x0370	0x228F      	CALL       _Mul_32x32_U
0x0371	0x0854      	MOVF       FARG_map_in_max, 0
0x0372	0x00F4      	MOVWF      R4
0x0373	0x0855      	MOVF       FARG_map_in_max+1, 0
0x0374	0x00F5      	MOVWF      R5
0x0375	0x0856      	MOVF       FARG_map_in_max+2, 0
0x0376	0x00F6      	MOVWF      R6
0x0377	0x0857      	MOVF       FARG_map_in_max+3, 0
0x0378	0x00F7      	MOVWF      R7
0x0379	0x0850      	MOVF       FARG_map_in_min, 0
0x037A	0x02F4      	SUBWF      R4, 1
0x037B	0x0851      	MOVF       FARG_map_in_min+1, 0
0x037C	0x3BF5      	SUBWFB     R5, 1
0x037D	0x0852      	MOVF       FARG_map_in_min+2, 0
0x037E	0x3BF6      	SUBWFB     R6, 1
0x037F	0x0853      	MOVF       FARG_map_in_min+3, 0
0x0380	0x3BF7      	SUBWFB     R7, 1
0x0381	0x21DD      	CALL       _Div_32x32_S
0x0382	0x0858      	MOVF       FARG_map_out_min, 0
0x0383	0x07F0      	ADDWF      R0, 1
0x0384	0x0859      	MOVF       FARG_map_out_min+1, 0
0x0385	0x3DF1      	ADDWFC     R1, 1
0x0386	0x085A      	MOVF       FARG_map_out_min+2, 0
0x0387	0x3DF2      	ADDWFC     R2, 1
0x0388	0x085B      	MOVF       FARG_map_out_min+3, 0
0x0389	0x3DF3      	ADDWFC     R3, 1
L_end_map:
0x038A	0x0008      	RETURN
; end of _map
_rotateMotor:
0x038B	0x0020      	MOVLB      0
0x038C	0x0832      	MOVF       _t2_sig2, 0
0x038D	0x00CA      	MOVWF      rotateMotor_pulseWidth2_L0
0x038E	0x0833      	MOVF       _t2_sig2+1, 0
0x038F	0x00CB      	MOVWF      rotateMotor_pulseWidth2_L0+1
0x0390	0x082A      	MOVF       _t2_sig1, 0
0x0391	0x00CC      	MOVWF      FARG_map_x
0x0392	0x082B      	MOVF       _t2_sig1+1, 0
0x0393	0x00CD      	MOVWF      FARG_map_x+1
0x0394	0x01CE      	CLRF       FARG_map_x+2
0x0395	0x01CF      	CLRF       FARG_map_x+3
0x0396	0x304C      	MOVLW      76
0x0397	0x00D0      	MOVWF      FARG_map_in_min
0x0398	0x3004      	MOVLW      4
0x0399	0x00D1      	MOVWF      FARG_map_in_min+1
0x039A	0x01D2      	CLRF       FARG_map_in_min+2
0x039B	0x01D3      	CLRF       FARG_map_in_min+3
0x039C	0x306C      	MOVLW      108
0x039D	0x00D4      	MOVWF      FARG_map_in_max
0x039E	0x3007      	MOVLW      7
0x039F	0x00D5      	MOVWF      FARG_map_in_max+1
0x03A0	0x01D6      	CLRF       FARG_map_in_max+2
0x03A1	0x01D7      	CLRF       FARG_map_in_max+3
0x03A2	0x3001      	MOVLW      1
0x03A3	0x00D8      	MOVWF      FARG_map_out_min
0x03A4	0x30FF      	MOVLW      255
0x03A5	0x00D9      	MOVWF      FARG_map_out_min+1
0x03A6	0x30FF      	MOVLW      255
0x03A7	0x00DA      	MOVWF      FARG_map_out_min+2
0x03A8	0x00DB      	MOVWF      FARG_map_out_min+3
0x03A9	0x30FF      	MOVLW      255
0x03AA	0x00DC      	MOVWF      FARG_map_out_max
0x03AB	0x01DD      	CLRF       FARG_map_out_max+1
0x03AC	0x01DE      	CLRF       FARG_map_out_max+2
0x03AD	0x01DF      	CLRF       FARG_map_out_max+3
0x03AE	0x234F      	CALL       _map
0x03AF	0x084A      	MOVF       rotateMotor_pulseWidth2_L0, 0
0x03B0	0x00CC      	MOVWF      FARG_map_x
0x03B1	0x084B      	MOVF       rotateMotor_pulseWidth2_L0+1, 0
0x03B2	0x00CD      	MOVWF      FARG_map_x+1
0x03B3	0x01CE      	CLRF       FARG_map_x+2
0x03B4	0x01CF      	CLRF       FARG_map_x+3
0x03B5	0x304C      	MOVLW      76
0x03B6	0x00D0      	MOVWF      FARG_map_in_min
0x03B7	0x3004      	MOVLW      4
0x03B8	0x00D1      	MOVWF      FARG_map_in_min+1
0x03B9	0x01D2      	CLRF       FARG_map_in_min+2
0x03BA	0x01D3      	CLRF       FARG_map_in_min+3
0x03BB	0x306C      	MOVLW      108
0x03BC	0x00D4      	MOVWF      FARG_map_in_max
0x03BD	0x3007      	MOVLW      7
0x03BE	0x00D5      	MOVWF      FARG_map_in_max+1
0x03BF	0x01D6      	CLRF       FARG_map_in_max+2
0x03C0	0x01D7      	CLRF       FARG_map_in_max+3
0x03C1	0x3001      	MOVLW      1
0x03C2	0x00D8      	MOVWF      FARG_map_out_min
0x03C3	0x30FF      	MOVLW      255
0x03C4	0x00D9      	MOVWF      FARG_map_out_min+1
0x03C5	0x30FF      	MOVLW      255
0x03C6	0x00DA      	MOVWF      FARG_map_out_min+2
0x03C7	0x00DB      	MOVWF      FARG_map_out_min+3
0x03C8	0x30FF      	MOVLW      255
0x03C9	0x00DC      	MOVWF      FARG_map_out_max
0x03CA	0x01DD      	CLRF       FARG_map_out_max+1
0x03CB	0x01DE      	CLRF       FARG_map_out_max+2
0x03CC	0x01DF      	CLRF       FARG_map_out_max+3
0x03CD	0x234F      	CALL       _map
0x03CE	0x0870      	MOVF       R0, 0
0x03CF	0x00CA      	MOVWF      rotateMotor_pulseWidth2_L0
0x03D0	0x0871      	MOVF       R1, 0
0x03D1	0x00CB      	MOVWF      rotateMotor_pulseWidth2_L0+1
0x03D2	0x3080      	MOVLW      128
0x03D3	0x0647      	XORWF      rotateMotor_duty_cycle1_L0+1, 0
0x03D4	0x00F0      	MOVWF      R0
0x03D5	0x3080      	MOVLW      128
0x03D6	0x3AFF      	XORLW      255
0x03D7	0x0270      	SUBWF      R0, 0
0x03D8	0x1D03      	BTFSS      STATUS, 2
0x03D9	0x2BDC      	GOTO       L__rotateMotor106
0x03DA	0x3001      	MOVLW      1
0x03DB	0x0246      	SUBWF      rotateMotor_duty_cycle1_L0, 0
L__rotateMotor106:
0x03DC	0x1803      	BTFSC      STATUS, 0
0x03DD	0x2BE2      	GOTO       L_rotateMotor21
0x03DE	0x3001      	MOVLW      1
0x03DF	0x00C6      	MOVWF      rotateMotor_duty_cycle1_L0
0x03E0	0x30FF      	MOVLW      255
0x03E1	0x00C7      	MOVWF      rotateMotor_duty_cycle1_L0+1
L_rotateMotor21:
0x03E2	0x3080      	MOVLW      128
0x03E3	0x00F0      	MOVWF      R0
0x03E4	0x3080      	MOVLW      128
0x03E5	0x0647      	XORWF      rotateMotor_duty_cycle1_L0+1, 0
0x03E6	0x0270      	SUBWF      R0, 0
0x03E7	0x1D03      	BTFSS      STATUS, 2
0x03E8	0x2BEB      	GOTO       L__rotateMotor107
0x03E9	0x0846      	MOVF       rotateMotor_duty_cycle1_L0, 0
0x03EA	0x3CFF      	SUBLW      255
L__rotateMotor107:
0x03EB	0x1803      	BTFSC      STATUS, 0
0x03EC	0x2BF0      	GOTO       L_rotateMotor22
0x03ED	0x30FF      	MOVLW      255
0x03EE	0x00C6      	MOVWF      rotateMotor_duty_cycle1_L0
0x03EF	0x01C7      	CLRF       rotateMotor_duty_cycle1_L0+1
L_rotateMotor22:
0x03F0	0x3080      	MOVLW      128
0x03F1	0x0649      	XORWF      rotateMotor_duty_cycle2_L0+1, 0
0x03F2	0x00F0      	MOVWF      R0
0x03F3	0x3080      	MOVLW      128
0x03F4	0x3AFF      	XORLW      255
0x03F5	0x0270      	SUBWF      R0, 0
0x03F6	0x1D03      	BTFSS      STATUS, 2
0x03F7	0x2BFA      	GOTO       L__rotateMotor108
0x03F8	0x3001      	MOVLW      1
0x03F9	0x0248      	SUBWF      rotateMotor_duty_cycle2_L0, 0
L__rotateMotor108:
0x03FA	0x1803      	BTFSC      STATUS, 0
0x03FB	0x2C00      	GOTO       L_rotateMotor23
0x03FC	0x3001      	MOVLW      1
0x03FD	0x00C8      	MOVWF      rotateMotor_duty_cycle2_L0
0x03FE	0x30FF      	MOVLW      255
0x03FF	0x00C9      	MOVWF      rotateMotor_duty_cycle2_L0+1
L_rotateMotor23:
0x0400	0x3080      	MOVLW      128
0x0401	0x00F0      	MOVWF      R0
0x0402	0x3080      	MOVLW      128
0x0403	0x0649      	XORWF      rotateMotor_duty_cycle2_L0+1, 0
0x0404	0x0270      	SUBWF      R0, 0
0x0405	0x1D03      	BTFSS      STATUS, 2
0x0406	0x2C09      	GOTO       L__rotateMotor109
0x0407	0x0848      	MOVF       rotateMotor_duty_cycle2_L0, 0
0x0408	0x3CFF      	SUBLW      255
L__rotateMotor109:
0x0409	0x1803      	BTFSC      STATUS, 0
0x040A	0x2C0E      	GOTO       L_rotateMotor24
0x040B	0x30FF      	MOVLW      255
0x040C	0x00C8      	MOVWF      rotateMotor_duty_cycle2_L0
0x040D	0x01C9      	CLRF       rotateMotor_duty_cycle2_L0+1
L_rotateMotor24:
0x040E	0x3080      	MOVLW      128
0x040F	0x0647      	XORWF      rotateMotor_duty_cycle1_L0+1, 0
0x0410	0x00F0      	MOVWF      R0
0x0411	0x3080      	MOVLW      128
0x0412	0x0270      	SUBWF      R0, 0
0x0413	0x1D03      	BTFSS      STATUS, 2
0x0414	0x2C17      	GOTO       L__rotateMotor110
0x0415	0x300A      	MOVLW      10
0x0416	0x0246      	SUBWF      rotateMotor_duty_cycle1_L0, 0
L__rotateMotor110:
0x0417	0x1803      	BTFSC      STATUS, 0
0x0418	0x2C26      	GOTO       L_rotateMotor27
0x0419	0x307F      	MOVLW      127
0x041A	0x00F0      	MOVWF      R0
0x041B	0x3080      	MOVLW      128
0x041C	0x0647      	XORWF      rotateMotor_duty_cycle1_L0+1, 0
0x041D	0x0270      	SUBWF      R0, 0
0x041E	0x1D03      	BTFSS      STATUS, 2
0x041F	0x2C22      	GOTO       L__rotateMotor111
0x0420	0x0846      	MOVF       rotateMotor_duty_cycle1_L0, 0
0x0421	0x3CF6      	SUBLW      246
L__rotateMotor111:
0x0422	0x1803      	BTFSC      STATUS, 0
0x0423	0x2C26      	GOTO       L_rotateMotor27
L__rotateMotor78:
0x0424	0x01C6      	CLRF       rotateMotor_duty_cycle1_L0
0x0425	0x01C7      	CLRF       rotateMotor_duty_cycle1_L0+1
L_rotateMotor27:
0x0426	0x3080      	MOVLW      128
0x0427	0x0649      	XORWF      rotateMotor_duty_cycle2_L0+1, 0
0x0428	0x00F0      	MOVWF      R0
0x0429	0x3080      	MOVLW      128
0x042A	0x0270      	SUBWF      R0, 0
0x042B	0x1D03      	BTFSS      STATUS, 2
0x042C	0x2C2F      	GOTO       L__rotateMotor112
0x042D	0x300A      	MOVLW      10
0x042E	0x0248      	SUBWF      rotateMotor_duty_cycle2_L0, 0
L__rotateMotor112:
0x042F	0x1803      	BTFSC      STATUS, 0
0x0430	0x2C3E      	GOTO       L_rotateMotor30
0x0431	0x307F      	MOVLW      127
0x0432	0x00F0      	MOVWF      R0
0x0433	0x3080      	MOVLW      128
0x0434	0x0649      	XORWF      rotateMotor_duty_cycle2_L0+1, 0
0x0435	0x0270      	SUBWF      R0, 0
0x0436	0x1D03      	BTFSS      STATUS, 2
0x0437	0x2C3A      	GOTO       L__rotateMotor113
0x0438	0x0848      	MOVF       rotateMotor_duty_cycle2_L0, 0
0x0439	0x3CF6      	SUBLW      246
L__rotateMotor113:
0x043A	0x1803      	BTFSC      STATUS, 0
0x043B	0x2C3E      	GOTO       L_rotateMotor30
L__rotateMotor77:
0x043C	0x01C8      	CLRF       rotateMotor_duty_cycle2_L0
0x043D	0x01C9      	CLRF       rotateMotor_duty_cycle2_L0+1
L_rotateMotor30:
0x043E	0x3080      	MOVLW      128
0x043F	0x0647      	XORWF      rotateMotor_duty_cycle1_L0+1, 0
0x0440	0x00F0      	MOVWF      R0
0x0441	0x3080      	MOVLW      128
0x0442	0x0270      	SUBWF      R0, 0
0x0443	0x1D03      	BTFSS      STATUS, 2
0x0444	0x2C47      	GOTO       L__rotateMotor114
0x0445	0x3000      	MOVLW      0
0x0446	0x0246      	SUBWF      rotateMotor_duty_cycle1_L0, 0
L__rotateMotor114:
0x0447	0x1C03      	BTFSS      STATUS, 0
0x0448	0x2C5D      	GOTO       L_rotateMotor31
0x0449	0x3001      	MOVLW      1
0x044A	0x00CC      	MOVWF      FARG_pwm_steering_channel
0x044B	0x3000      	MOVLW      0
0x044C	0x00CD      	MOVWF      FARG_pwm_steering_channel+1
0x044D	0x3002      	MOVLW      2
0x044E	0x00CE      	MOVWF      FARG_pwm_steering_port
0x044F	0x3000      	MOVLW      0
0x0450	0x00CF      	MOVWF      FARG_pwm_steering_port+1
0x0451	0x2306      	CALL       _pwm_steering
0x0452	0x3001      	MOVLW      1
0x0453	0x0020      	MOVLB      0
0x0454	0x00CC      	MOVWF      FARG_set_duty_cycle_channel
0x0455	0x3000      	MOVLW      0
0x0456	0x00CD      	MOVWF      FARG_set_duty_cycle_channel+1
0x0457	0x0846      	MOVF       rotateMotor_duty_cycle1_L0, 0
0x0458	0x00CE      	MOVWF      FARG_set_duty_cycle_duty
0x0459	0x0847      	MOVF       rotateMotor_duty_cycle1_L0+1, 0
0x045A	0x00CF      	MOVWF      FARG_set_duty_cycle_duty+1
0x045B	0x22ED      	CALL       _set_duty_cycle
0x045C	0x2C79      	GOTO       L_rotateMotor32
L_rotateMotor31:
0x045D	0x0020      	MOVLB      0
0x045E	0x0846      	MOVF       rotateMotor_duty_cycle1_L0, 0
0x045F	0x3C00      	SUBLW      0
0x0460	0x00C6      	MOVWF      rotateMotor_duty_cycle1_L0
0x0461	0x0847      	MOVF       rotateMotor_duty_cycle1_L0+1, 0
0x0462	0x1C03      	BTFSS      STATUS, 0
0x0463	0x3E01      	ADDLW      1
0x0464	0x01C7      	CLRF       rotateMotor_duty_cycle1_L0+1
0x0465	0x02C7      	SUBWF      rotateMotor_duty_cycle1_L0+1, 1
0x0466	0x3001      	MOVLW      1
0x0467	0x00CC      	MOVWF      FARG_pwm_steering_channel
0x0468	0x3000      	MOVLW      0
0x0469	0x00CD      	MOVWF      FARG_pwm_steering_channel+1
0x046A	0x3001      	MOVLW      1
0x046B	0x00CE      	MOVWF      FARG_pwm_steering_port
0x046C	0x3000      	MOVLW      0
0x046D	0x00CF      	MOVWF      FARG_pwm_steering_port+1
0x046E	0x2306      	CALL       _pwm_steering
0x046F	0x3001      	MOVLW      1
0x0470	0x0020      	MOVLB      0
0x0471	0x00CC      	MOVWF      FARG_set_duty_cycle_channel
0x0472	0x3000      	MOVLW      0
0x0473	0x00CD      	MOVWF      FARG_set_duty_cycle_channel+1
0x0474	0x0846      	MOVF       rotateMotor_duty_cycle1_L0, 0
0x0475	0x00CE      	MOVWF      FARG_set_duty_cycle_duty
0x0476	0x0847      	MOVF       rotateMotor_duty_cycle1_L0+1, 0
0x0477	0x00CF      	MOVWF      FARG_set_duty_cycle_duty+1
0x0478	0x22ED      	CALL       _set_duty_cycle
L_rotateMotor32:
0x0479	0x3080      	MOVLW      128
0x047A	0x0020      	MOVLB      0
0x047B	0x0649      	XORWF      rotateMotor_duty_cycle2_L0+1, 0
0x047C	0x00F0      	MOVWF      R0
0x047D	0x3080      	MOVLW      128
0x047E	0x0270      	SUBWF      R0, 0
0x047F	0x1D03      	BTFSS      STATUS, 2
0x0480	0x2C83      	GOTO       L__rotateMotor115
0x0481	0x3000      	MOVLW      0
0x0482	0x0248      	SUBWF      rotateMotor_duty_cycle2_L0, 0
L__rotateMotor115:
0x0483	0x1C03      	BTFSS      STATUS, 0
0x0484	0x2C99      	GOTO       L_rotateMotor33
0x0485	0x3002      	MOVLW      2
0x0486	0x00CC      	MOVWF      FARG_pwm_steering_channel
0x0487	0x3000      	MOVLW      0
0x0488	0x00CD      	MOVWF      FARG_pwm_steering_channel+1
0x0489	0x3002      	MOVLW      2
0x048A	0x00CE      	MOVWF      FARG_pwm_steering_port
0x048B	0x3000      	MOVLW      0
0x048C	0x00CF      	MOVWF      FARG_pwm_steering_port+1
0x048D	0x2306      	CALL       _pwm_steering
0x048E	0x3002      	MOVLW      2
0x048F	0x0020      	MOVLB      0
0x0490	0x00CC      	MOVWF      FARG_set_duty_cycle_channel
0x0491	0x3000      	MOVLW      0
0x0492	0x00CD      	MOVWF      FARG_set_duty_cycle_channel+1
0x0493	0x0848      	MOVF       rotateMotor_duty_cycle2_L0, 0
0x0494	0x00CE      	MOVWF      FARG_set_duty_cycle_duty
0x0495	0x0849      	MOVF       rotateMotor_duty_cycle2_L0+1, 0
0x0496	0x00CF      	MOVWF      FARG_set_duty_cycle_duty+1
0x0497	0x22ED      	CALL       _set_duty_cycle
0x0498	0x2CB5      	GOTO       L_rotateMotor34
L_rotateMotor33:
0x0499	0x0020      	MOVLB      0
0x049A	0x0848      	MOVF       rotateMotor_duty_cycle2_L0, 0
0x049B	0x3C00      	SUBLW      0
0x049C	0x00C8      	MOVWF      rotateMotor_duty_cycle2_L0
0x049D	0x0849      	MOVF       rotateMotor_duty_cycle2_L0+1, 0
0x049E	0x1C03      	BTFSS      STATUS, 0
0x049F	0x3E01      	ADDLW      1
0x04A0	0x01C9      	CLRF       rotateMotor_duty_cycle2_L0+1
0x04A1	0x02C9      	SUBWF      rotateMotor_duty_cycle2_L0+1, 1
0x04A2	0x3002      	MOVLW      2
0x04A3	0x00CC      	MOVWF      FARG_pwm_steering_channel
0x04A4	0x3000      	MOVLW      0
0x04A5	0x00CD      	MOVWF      FARG_pwm_steering_channel+1
0x04A6	0x3001      	MOVLW      1
0x04A7	0x00CE      	MOVWF      FARG_pwm_steering_port
0x04A8	0x3000      	MOVLW      0
0x04A9	0x00CF      	MOVWF      FARG_pwm_steering_port+1
0x04AA	0x2306      	CALL       _pwm_steering
0x04AB	0x3002      	MOVLW      2
0x04AC	0x0020      	MOVLB      0
0x04AD	0x00CC      	MOVWF      FARG_set_duty_cycle_channel
0x04AE	0x3000      	MOVLW      0
0x04AF	0x00CD      	MOVWF      FARG_set_duty_cycle_channel+1
0x04B0	0x0848      	MOVF       rotateMotor_duty_cycle2_L0, 0
0x04B1	0x00CE      	MOVWF      FARG_set_duty_cycle_duty
0x04B2	0x0849      	MOVF       rotateMotor_duty_cycle2_L0+1, 0
0x04B3	0x00CF      	MOVWF      FARG_set_duty_cycle_duty+1
0x04B4	0x22ED      	CALL       _set_duty_cycle
L_rotateMotor34:
L_end_rotateMotor:
0x04B5	0x0008      	RETURN
; end of _rotateMotor
_failSafeCheck:
0x04B6	0x22C5      	CALL       _micros
0x04B7	0x0870      	MOVF       R0, 0
0x04B8	0x00F4      	MOVWF      R4
0x04B9	0x0871      	MOVF       R1, 0
0x04BA	0x00F5      	MOVWF      R5
0x04BB	0x0872      	MOVF       R2, 0
0x04BC	0x00F6      	MOVWF      R6
0x04BD	0x0873      	MOVF       R3, 0
0x04BE	0x00F7      	MOVWF      R7
0x04BF	0x082E      	MOVF       _last_measure1, 0
0x04C0	0x02F4      	SUBWF      R4, 1
0x04C1	0x082F      	MOVF       _last_measure1+1, 0
0x04C2	0x3BF5      	SUBWFB     R5, 1
0x04C3	0x0830      	MOVF       _last_measure1+2, 0
0x04C4	0x3BF6      	SUBWFB     R6, 1
0x04C5	0x0831      	MOVF       _last_measure1+3, 0
0x04C6	0x3BF7      	SUBWFB     R7, 1
0x04C7	0x0877      	MOVF       R7, 0
0x04C8	0x3C00      	SUBLW      0
0x04C9	0x1D03      	BTFSS      STATUS, 2
0x04CA	0x2CD5      	GOTO       L__failSafeCheck98
0x04CB	0x0876      	MOVF       R6, 0
0x04CC	0x3C4C      	SUBLW      76
0x04CD	0x1D03      	BTFSS      STATUS, 2
0x04CE	0x2CD5      	GOTO       L__failSafeCheck98
0x04CF	0x0875      	MOVF       R5, 0
0x04D0	0x3C4B      	SUBLW      75
0x04D1	0x1D03      	BTFSS      STATUS, 2
0x04D2	0x2CD5      	GOTO       L__failSafeCheck98
0x04D3	0x0874      	MOVF       R4, 0
0x04D4	0x3C40      	SUBLW      64
L__failSafeCheck98:
0x04D5	0x1C03      	BTFSS      STATUS, 0
0x04D6	0x2CF9      	GOTO       L__failSafeCheck76
0x04D7	0x22C5      	CALL       _micros
0x04D8	0x0870      	MOVF       R0, 0
0x04D9	0x00F4      	MOVWF      R4
0x04DA	0x0871      	MOVF       R1, 0
0x04DB	0x00F5      	MOVWF      R5
0x04DC	0x0872      	MOVF       R2, 0
0x04DD	0x00F6      	MOVWF      R6
0x04DE	0x0873      	MOVF       R3, 0
0x04DF	0x00F7      	MOVWF      R7
0x04E0	0x0836      	MOVF       _last_measure2, 0
0x04E1	0x02F4      	SUBWF      R4, 1
0x04E2	0x0837      	MOVF       _last_measure2+1, 0
0x04E3	0x3BF5      	SUBWFB     R5, 1
0x04E4	0x0838      	MOVF       _last_measure2+2, 0
0x04E5	0x3BF6      	SUBWFB     R6, 1
0x04E6	0x0839      	MOVF       _last_measure2+3, 0
0x04E7	0x3BF7      	SUBWFB     R7, 1
0x04E8	0x0877      	MOVF       R7, 0
0x04E9	0x3C00      	SUBLW      0
0x04EA	0x1D03      	BTFSS      STATUS, 2
0x04EB	0x2CF6      	GOTO       L__failSafeCheck99
0x04EC	0x0876      	MOVF       R6, 0
0x04ED	0x3C4C      	SUBLW      76
0x04EE	0x1D03      	BTFSS      STATUS, 2
0x04EF	0x2CF6      	GOTO       L__failSafeCheck99
0x04F0	0x0875      	MOVF       R5, 0
0x04F1	0x3C4B      	SUBLW      75
0x04F2	0x1D03      	BTFSS      STATUS, 2
0x04F3	0x2CF6      	GOTO       L__failSafeCheck99
0x04F4	0x0874      	MOVF       R4, 0
0x04F5	0x3C40      	SUBLW      64
L__failSafeCheck99:
0x04F6	0x1C03      	BTFSS      STATUS, 0
0x04F7	0x2CF9      	GOTO       L__failSafeCheck76
0x04F8	0x2CFE      	GOTO       L_failSafeCheck11
L__failSafeCheck76:
0x04F9	0x3001      	MOVLW      1
0x04FA	0x00F0      	MOVWF      R0
0x04FB	0x3000      	MOVLW      0
0x04FC	0x00F1      	MOVWF      R1
0x04FD	0x2D00      	GOTO       L_end_failSafeCheck
L_failSafeCheck11:
0x04FE	0x01F0      	CLRF       R0
0x04FF	0x01F1      	CLRF       R1
L_end_failSafeCheck:
0x0500	0x0008      	RETURN
; end of _failSafeCheck
_setup_Timer_1:
0x0501	0x0020      	MOVLB      0
0x0502	0x1298      	BCF        T1CKPS1_bit, BitPos(T1CKPS1_bit+0)
0x0503	0x1618      	BSF        T1CKPS0_bit, BitPos(T1CKPS0_bit+0)
0x0504	0x1398      	BCF        TMR1CS1_bit, BitPos(TMR1CS1_bit+0)
0x0505	0x1318      	BCF        TMR1CS0_bit, BitPos(TMR1CS0_bit+0)
0x0506	0x1418      	BSF        TMR1ON_bit, BitPos(TMR1ON_bit+0)
0x0507	0x0021      	MOVLB      1
0x0508	0x1411      	BSF        TMR1IE_bit, BitPos(TMR1IE_bit+0)
0x0509	0x0020      	MOVLB      0
0x050A	0x0196      	CLRF       TMR1L
0x050B	0x0197      	CLRF       TMR1H
L_end_setup_Timer_1:
0x050C	0x0008      	RETURN
; end of _setup_Timer_1
_setup_pwms:
0x050D	0x0020      	MOVLB      0
0x050E	0x019C      	CLRF       T2CON
0x050F	0x30FF      	MOVLW      255
0x0510	0x009B      	MOVWF      PR2
0x0511	0x0025      	MOVLB      5
0x0512	0x109E      	BCF        CCPTMRS, 1
0x0513	0x101E      	BCF        CCPTMRS, 0
0x0514	0x1416      	BSF        PSTR1CON, 0
0x0515	0x1496      	BSF        PSTR1CON, 1
0x0516	0x1116      	BCF        PSTR1CON, 2
0x0517	0x1196      	BCF        PSTR1CON, 3
0x0518	0x1616      	BSF        PSTR1CON, 4
0x0519	0x30FF      	MOVLW      255
0x051A	0x0091      	MOVWF      CCPR1L
0x051B	0x303C      	MOVLW      60
0x051C	0x0093      	MOVWF      CCP1CON
0x051D	0x119E      	BCF        CCPTMRS, 3
0x051E	0x111E      	BCF        CCPTMRS, 2
0x051F	0x141D      	BSF        PSTR2CON, 0
0x0520	0x149D      	BSF        PSTR2CON, 1
0x0521	0x111D      	BCF        PSTR2CON, 2
0x0522	0x119D      	BCF        PSTR2CON, 3
0x0523	0x161D      	BSF        PSTR2CON, 4
0x0524	0x30FF      	MOVLW      255
0x0525	0x0098      	MOVWF      CCPR2L
0x0526	0x303C      	MOVLW      60
0x0527	0x009A      	MOVWF      CCP2CON
0x0528	0x3004      	MOVLW      4
0x0529	0x0020      	MOVLB      0
0x052A	0x009C      	MOVWF      T2CON
L_end_setup_pwms:
0x052B	0x0008      	RETURN
; end of _setup_pwms
___CC2DW:
_CC2DL_Loop1:
0x052C	0x0012      	MOVIW      FSR0++ 
0x052D	0x001E      	MOVWI      FSR1++ 
0x052E	0x03F0      	DECF       R0, 1
0x052F	0x1D03      	BTFSS      STATUS, 2
0x0530	0x2D2C      	GOTO       _CC2DL_Loop1
0x0531	0x03F1      	DECF       R1, 1
0x0532	0x1D03      	BTFSS      STATUS, 2
0x0533	0x2D2C      	GOTO       _CC2DL_Loop1
L_end___CC2DW:
0x0534	0x0008      	RETURN
; end of ___CC2DW
_setup_port:
0x0535	0x0022      	MOVLB      2
0x0536	0x0191      	CLRF       CM1CON0
0x0537	0x0193      	CLRF       CM2CON0
0x0538	0x149E      	BSF        P2BSEL_bit, BitPos(P2BSEL_bit+0)
0x0539	0x141E      	BSF        CCP2SEL_bit, BitPos(CCP2SEL_bit+0)
0x053A	0x0023      	MOVLB      3
0x053B	0x018C      	CLRF       ANSELA
0x053C	0x3001      	MOVLW      1
0x053D	0x008E      	MOVWF      ANSELC
0x053E	0x22DE      	CALL       _ADC_Init
0x053F	0x100C      	BCF        TRISA0_bit, BitPos(TRISA0_bit+0)
0x0540	0x108C      	BCF        TRISA1_bit, BitPos(TRISA1_bit+0)
0x0541	0x150C      	BSF        TRISA2_bit, BitPos(TRISA2_bit+0)
0x0542	0x158C      	BSF        TRISA3_bit, BitPos(TRISA3_bit+0)
0x0543	0x120C      	BCF        TRISA4_bit, BitPos(TRISA4_bit+0)
0x0544	0x128C      	BCF        TRISA5_bit, BitPos(TRISA5_bit+0)
0x0545	0x140E      	BSF        TRISC0_bit, BitPos(TRISC0_bit+0)
0x0546	0x148E      	BSF        TRISC1_bit, BitPos(TRISC1_bit+0)
0x0547	0x150E      	BSF        TRISC2_bit, BitPos(TRISC2_bit+0)
0x0548	0x158E      	BSF        TRISC3_bit, BitPos(TRISC3_bit+0)
0x0549	0x120E      	BCF        TRISC4_bit, BitPos(TRISC4_bit+0)
0x054A	0x128E      	BCF        TRISC5_bit, BitPos(TRISC5_bit+0)
0x054B	0x178B      	BSF        GIE_bit, BitPos(GIE_bit+0)
0x054C	0x170B      	BSF        PEIE_bit, BitPos(PEIE_bit+0)
0x054D	0x1613      	BSF        CCP3IE_bit, BitPos(CCP3IE_bit+0)
0x054E	0x1693      	BSF        CCP4IE_bit, BitPos(CCP4IE_bit+0)
0x054F	0x3005      	MOVLW      5
0x0550	0x0026      	MOVLB      6
0x0551	0x0093      	MOVWF      CCP3CON
0x0552	0x3005      	MOVLW      5
0x0553	0x009A      	MOVWF      CCP4CON
L_end_setup_port:
0x0554	0x0008      	RETURN
; end of _setup_port
_main:
0x0555	0x0020      	MOVLB      0
0x0556	0x01A8      	CLRF       _n_interrupts_timer1
0x0557	0x01A9      	CLRF       41
0x0558	0x3072      	MOVLW      114
0x0559	0x0021      	MOVLB      1
0x055A	0x0099      	MOVWF      OSCCON
0x055B	0x2535      	CALL       _setup_port
0x055C	0x250D      	CALL       _setup_pwms
0x055D	0x2501      	CALL       _setup_Timer_1
L_main71:
0x055E	0x0020      	MOVLB      0
0x055F	0x100C      	BCF        RA0_bit, BitPos(RA0_bit+0)
L_main73:
0x0560	0x24B6      	CALL       _failSafeCheck
0x0561	0x0870      	MOVF       R0, 0
0x0562	0x0471      	IORWF       R1, 0
0x0563	0x1903      	BTFSC      STATUS, 2
0x0564	0x2D76      	GOTO       L_main74
0x0565	0x140C      	BSF        RA0_bit, BitPos(RA0_bit+0)
0x0566	0x3001      	MOVLW      1
0x0567	0x00CC      	MOVWF      FARG_set_duty_cycle_channel
0x0568	0x3000      	MOVLW      0
0x0569	0x00CD      	MOVWF      FARG_set_duty_cycle_channel+1
0x056A	0x01CE      	CLRF       FARG_set_duty_cycle_duty
0x056B	0x01CF      	CLRF       FARG_set_duty_cycle_duty+1
0x056C	0x22ED      	CALL       _set_duty_cycle
0x056D	0x3002      	MOVLW      2
0x056E	0x0020      	MOVLB      0
0x056F	0x00CC      	MOVWF      FARG_set_duty_cycle_channel
0x0570	0x3000      	MOVLW      0
0x0571	0x00CD      	MOVWF      FARG_set_duty_cycle_channel+1
0x0572	0x01CE      	CLRF       FARG_set_duty_cycle_duty
0x0573	0x01CF      	CLRF       FARG_set_duty_cycle_duty+1
0x0574	0x22ED      	CALL       _set_duty_cycle
0x0575	0x2D60      	GOTO       L_main73
L_main74:
0x0576	0x238B      	CALL       _rotateMotor
0x0577	0x3003      	MOVLW      3
0x0578	0x00FB      	MOVWF      R11
0x0579	0x3008      	MOVLW      8
0x057A	0x00FC      	MOVWF      R12
0x057B	0x3077      	MOVLW      119
0x057C	0x00FD      	MOVWF      R13
L_main75:
0x057D	0x0BFD      	DECFSZ     R13, 1
0x057E	0x2D7D      	GOTO       L_main75
0x057F	0x0BFC      	DECFSZ     R12, 1
0x0580	0x2D7D      	GOTO       L_main75
0x0581	0x0BFB      	DECFSZ     R11, 1
0x0582	0x2D7D      	GOTO       L_main75
0x0583	0x2D5E      	GOTO       L_main71
L_end_main:
0x0584	0x2D84      	GOTO       $+0
; end of _main
Symbol List:
//** Routines locations **
//ADDRESS    SIZE    PROCEDURE
//----------------------------------------------
0x0004     [161]    _interrupt
0x00A5     [300]    _SDIV3232L
0x01D1      [12]    _COMFREM
0x01DD     [178]    _Div_32x32_S
0x028F      [54]    _Mul_32x32_U
0x02C5      [25]    _micros
0x02DE      [15]    _ADC_Init
0x02ED      [25]    _set_duty_cycle
0x0306      [73]    _pwm_steering
0x034F      [60]    _map
0x038B     [299]    _rotateMotor
0x04B6      [75]    _failSafeCheck
0x0501      [12]    _setup_Timer_1
0x050D      [31]    _setup_pwms
0x052C       [9]    ___CC2DW
0x0535      [32]    _setup_port
0x0555      [48]    _main
//** Variables locations ** 
//ADDRESS    SIZE    VARIABLE
//----------------------------------------------
0x0000       [1]    INDF0
0x0001       [1]    INDF1
0x0003       [1]    STATUS
0x0004       [1]    FSR0L
0x0005       [1]    FSR0H
0x0006       [1]    FSR1L
0x0007       [1]    FSR1H
0x000A       [1]    PCLATH
0x000B       [0]    GIE_bit
0x000B       [0]    PEIE_bit
0x000C       [0]    RA0_bit
0x000C       [0]    RA4_bit
0x000C       [0]    RA5_bit
0x000E       [0]    RC5_bit
0x000E       [0]    RC4_bit
0x0011       [0]    TMR1IF_bit
0x0013       [0]    CCP3IF_bit
0x0013       [0]    CCP4IF_bit
0x0016       [1]    TMR1L
0x0017       [1]    TMR1H
0x0018       [0]    T1CKPS1_bit
0x0018       [0]    TMR1CS0_bit
0x0018       [0]    TMR1CS1_bit
0x0018       [0]    T1CKPS0_bit
0x0018       [0]    TMR1ON_bit
0x001B       [1]    PR2
0x001C       [1]    T2CON
0x0020       [1]    ___math_tempb
0x0028       [2]    _n_interrupts_timer1
0x002A       [4]    _t2_sig1
0x002E       [4]    _last_measure1
0x0032       [4]    _t2_sig2
0x0036       [4]    _last_measure2
0x003A       [4]    _t1_sig2
0x003E       [4]    _t1_sig1
0x0042       [4]    _ADC_Get_Sample_Ptr
0x0046       [2]    rotateMotor_duty_cycle1_L0
0x0048       [2]    rotateMotor_duty_cycle2_L0
0x004A       [2]    rotateMotor_pulseWidth2_L0
0x004C       [2]    FARG_set_duty_cycle_channel
0x004C       [2]    FARG_pwm_steering_channel
0x004C       [4]    FARG_map_x
0x004E       [2]    FARG_pwm_steering_port
0x004E       [2]    FARG_set_duty_cycle_duty
0x0050       [4]    FARG_map_in_min
0x0054       [4]    FARG_map_in_max
0x0058       [4]    FARG_map_out_min
0x005C       [4]    FARG_map_out_max
0x0070       [1]    R0
0x0071       [1]    R1
0x0072       [1]    R2
0x0073       [1]    R3
0x0074       [1]    R4
0x0075       [1]    R5
0x0076       [1]    R6
0x0077       [1]    R7
0x0078       [1]    R8
0x0079       [1]    R9
0x007A       [1]    R10
0x007B       [1]    R11
0x007C       [1]    R12
0x007D       [1]    R13
0x007E       [1]    R14
0x007F       [1]    R15
0x008C       [0]    TRISA3_bit
0x008C       [0]    TRISA2_bit
0x008C       [0]    TRISA5_bit
0x008C       [0]    TRISA4_bit
0x008C       [0]    TRISA1_bit
0x008C       [0]    TRISA0_bit
0x008E       [0]    TRISC5_bit
0x008E       [0]    TRISC1_bit
0x008E       [0]    TRISC0_bit
0x008E       [0]    TRISC3_bit
0x008E       [0]    TRISC4_bit
0x008E       [0]    TRISC2_bit
0x0091       [0]    TMR1IE_bit
0x0093       [0]    CCP3IE_bit
0x0093       [0]    CCP4IE_bit
0x0099       [1]    OSCCON
0x009D       [0]    ADON_bit
0x009D       [1]    ADCON0
0x009E       [1]    ADCON1
0x0111       [1]    CM1CON0
0x0113       [1]    CM2CON0
0x011E       [0]    CCP2SEL_bit
0x011E       [0]    P2BSEL_bit
0x018C       [1]    ANSELA
0x018E       [1]    ANSELC
0x0291       [1]    CCPR1L
0x0293       [1]    CCP1CON
0x0296       [1]    PSTR1CON
0x0298       [1]    CCPR2L
0x029A       [1]    CCP2CON
0x029D       [1]    PSTR2CON
0x029E       [1]    CCPTMRS
0x0313       [1]    CCP3CON
0x031A       [1]    CCP4CON
